INFO  2021-06-27 02:11:09 [main] CalculatorTest (CalculatorTest.java:19) - После всех
INFO  2021-06-27 02:11:31 [main] CalculatorTest (CalculatorTest.java:19) - После всех
INFO  2021-06-27 02:12:28 [main] CalculatorTest (CalculatorTest.java:19) - После всех
INFO  2021-06-27 02:13:47 [main] CalculatorTest (CalculatorTest.java:19) - После всех
INFO  2021-06-27 02:14:09 [main] CalculatorTest (CalculatorTest.java:19) - После всех
INFO  2021-06-27 02:14:43 [main] CalculatorTest (CalculatorTest.java:19) - После всех
INFO  2021-06-27 02:17:11 [main] CalculatorTest (CalculatorTest.java:19) - Перед каждым
INFO  2021-06-27 02:17:11 [main] CalculatorTest (CalculatorTest.java:24) - После каждого
INFO  2021-06-27 02:17:11 [main] CalculatorTest (CalculatorTest.java:19) - Перед каждым
INFO  2021-06-27 02:17:11 [main] CalculatorTest (CalculatorTest.java:24) - После каждого
INFO  2021-06-27 02:17:11 [main] CalculatorTest (CalculatorTest.java:19) - Перед каждым
INFO  2021-06-27 02:17:11 [main] CalculatorTest (CalculatorTest.java:24) - После каждого
INFO  2021-06-27 02:17:11 [main] CalculatorTest (CalculatorTest.java:19) - Перед каждым
INFO  2021-06-27 02:17:11 [main] CalculatorTest (CalculatorTest.java:24) - После каждого
INFO  2021-06-27 02:17:11 [main] CalculatorTest (CalculatorTest.java:19) - Перед каждым
INFO  2021-06-27 02:17:11 [main] CalculatorTest (CalculatorTest.java:24) - После каждого
INFO  2021-06-27 02:17:11 [main] CalculatorTest (CalculatorTest.java:29) - После всех
INFO  2021-06-27 02:18:33 [main] CalculatorTest (CalculatorTest.java:15) - Перед всеми
INFO  2021-06-27 02:18:33 [main] CalculatorTest (CalculatorTest.java:20) - Перед каждым
INFO  2021-06-27 02:18:33 [main] CalculatorTest (CalculatorTest.java:25) - После каждого
INFO  2021-06-27 02:18:33 [main] CalculatorTest (CalculatorTest.java:20) - Перед каждым
INFO  2021-06-27 02:18:33 [main] CalculatorTest (CalculatorTest.java:25) - После каждого
INFO  2021-06-27 02:18:33 [main] CalculatorTest (CalculatorTest.java:20) - Перед каждым
INFO  2021-06-27 02:18:33 [main] CalculatorTest (CalculatorTest.java:25) - После каждого
INFO  2021-06-27 02:18:33 [main] CalculatorTest (CalculatorTest.java:20) - Перед каждым
INFO  2021-06-27 02:18:33 [main] CalculatorTest (CalculatorTest.java:25) - После каждого
INFO  2021-06-27 02:18:33 [main] CalculatorTest (CalculatorTest.java:20) - Перед каждым
INFO  2021-06-27 02:18:33 [main] CalculatorTest (CalculatorTest.java:25) - После каждого
INFO  2021-06-27 02:18:33 [main] CalculatorTest (CalculatorTest.java:30) - После всех
INFO  2021-06-27 02:28:21 [main] CalculatorTest (CalculatorTest.java:17) - Перед всеми
INFO  2021-06-27 02:28:21 [main] CalculatorTest (CalculatorTest.java:22) - Перед каждым
INFO  2021-06-27 02:28:21 [main] CalculatorTest (CalculatorTest.java:27) - После каждого
INFO  2021-06-27 02:28:21 [main] CalculatorTest (CalculatorTest.java:22) - Перед каждым
INFO  2021-06-27 02:28:21 [main] CalculatorTest (CalculatorTest.java:27) - После каждого
INFO  2021-06-27 02:28:21 [main] CalculatorTest (CalculatorTest.java:22) - Перед каждым
INFO  2021-06-27 02:28:21 [main] CalculatorTest (CalculatorTest.java:27) - После каждого
INFO  2021-06-27 02:28:21 [main] CalculatorTest (CalculatorTest.java:22) - Перед каждым
INFO  2021-06-27 02:28:21 [main] CalculatorTest (CalculatorTest.java:27) - После каждого
INFO  2021-06-27 02:28:21 [main] CalculatorTest (CalculatorTest.java:22) - Перед каждым
INFO  2021-06-27 02:28:21 [main] CalculatorTest (CalculatorTest.java:27) - После каждого
INFO  2021-06-27 02:28:21 [main] CalculatorTest (CalculatorTest.java:22) - Перед каждым
INFO  2021-06-27 02:28:21 [main] CalculatorTest (CalculatorTest.java:27) - После каждого
INFO  2021-06-27 02:28:21 [main] CalculatorTest (CalculatorTest.java:22) - Перед каждым
INFO  2021-06-27 02:28:21 [main] CalculatorTest (CalculatorTest.java:27) - После каждого
INFO  2021-06-27 02:28:21 [main] CalculatorTest (CalculatorTest.java:32) - После всех
INFO  2021-06-27 02:29:07 [main] CalculatorTest (CalculatorTest.java:17) - Перед всеми
INFO  2021-06-27 02:29:08 [main] CalculatorTest (CalculatorTest.java:22) - Перед каждым
INFO  2021-06-27 02:29:08 [main] CalculatorTest (CalculatorTest.java:27) - После каждого
INFO  2021-06-27 02:29:08 [main] CalculatorTest (CalculatorTest.java:22) - Перед каждым
INFO  2021-06-27 02:29:08 [main] CalculatorTest (CalculatorTest.java:27) - После каждого
INFO  2021-06-27 02:29:08 [main] CalculatorTest (CalculatorTest.java:22) - Перед каждым
INFO  2021-06-27 02:29:08 [main] CalculatorTest (CalculatorTest.java:27) - После каждого
INFO  2021-06-27 02:29:08 [main] CalculatorTest (CalculatorTest.java:22) - Перед каждым
INFO  2021-06-27 02:29:08 [main] CalculatorTest (CalculatorTest.java:27) - После каждого
INFO  2021-06-27 02:29:08 [main] CalculatorTest (CalculatorTest.java:22) - Перед каждым
INFO  2021-06-27 02:29:08 [main] CalculatorTest (CalculatorTest.java:27) - После каждого
INFO  2021-06-27 02:29:08 [main] CalculatorTest (CalculatorTest.java:22) - Перед каждым
INFO  2021-06-27 02:29:08 [main] CalculatorTest (CalculatorTest.java:27) - После каждого
INFO  2021-06-27 02:29:08 [main] CalculatorTest (CalculatorTest.java:22) - Перед каждым
INFO  2021-06-27 02:29:08 [main] CalculatorTest (CalculatorTest.java:27) - После каждого
INFO  2021-06-27 02:29:08 [main] CalculatorTest (CalculatorTest.java:22) - Перед каждым
INFO  2021-06-27 02:29:08 [main] CalculatorTest (CalculatorTest.java:27) - После каждого
INFO  2021-06-27 02:29:08 [main] CalculatorTest (CalculatorTest.java:32) - После всех
INFO  2021-06-27 02:31:31 [main] CalculatorTest (CalculatorTest.java:21) - Перед всеми
INFO  2021-06-27 02:31:31 [main] CalculatorTest (CalculatorTest.java:30) - Перед каждым
INFO  2021-06-27 02:31:31 [main] CalculatorTest (CalculatorTest.java:35) - После каждого
INFO  2021-06-27 02:31:31 [main] CalculatorTest (CalculatorTest.java:30) - Перед каждым
INFO  2021-06-27 02:31:31 [main] CalculatorTest (CalculatorTest.java:35) - После каждого
INFO  2021-06-27 02:31:31 [main] CalculatorTest (CalculatorTest.java:30) - Перед каждым
INFO  2021-06-27 02:31:31 [main] CalculatorTest (CalculatorTest.java:35) - После каждого
INFO  2021-06-27 02:31:31 [main] CalculatorTest (CalculatorTest.java:30) - Перед каждым
INFO  2021-06-27 02:31:31 [main] CalculatorTest (CalculatorTest.java:35) - После каждого
INFO  2021-06-27 02:31:31 [main] CalculatorTest (CalculatorTest.java:30) - Перед каждым
INFO  2021-06-27 02:31:31 [main] CalculatorTest (CalculatorTest.java:35) - После каждого
INFO  2021-06-27 02:31:31 [main] CalculatorTest (CalculatorTest.java:30) - Перед каждым
INFO  2021-06-27 02:31:31 [main] CalculatorTest (CalculatorTest.java:35) - После каждого
INFO  2021-06-27 02:31:31 [main] CalculatorTest (CalculatorTest.java:30) - Перед каждым
INFO  2021-06-27 02:31:31 [main] CalculatorTest (CalculatorTest.java:35) - После каждого
INFO  2021-06-27 02:31:31 [main] CalculatorTest (CalculatorTest.java:40) - После всех
INFO  2021-06-27 02:36:42 [main] CalculatorTest (CalculatorTest.java:24) - Перед всеми
INFO  2021-06-27 02:36:42 [main] CalculatorTest (CalculatorTest.java:41) - Перед каждым
INFO  2021-06-27 02:36:42 [main] CalculatorTest (CalculatorTest.java:46) - После каждого
INFO  2021-06-27 02:36:42 [main] CalculatorTest (CalculatorTest.java:41) - Перед каждым
INFO  2021-06-27 02:36:42 [main] CalculatorTest (CalculatorTest.java:46) - После каждого
INFO  2021-06-27 02:36:42 [main] CalculatorTest (CalculatorTest.java:41) - Перед каждым
INFO  2021-06-27 02:36:42 [main] CalculatorTest (CalculatorTest.java:46) - После каждого
INFO  2021-06-27 02:36:42 [main] CalculatorTest (CalculatorTest.java:41) - Перед каждым
INFO  2021-06-27 02:36:42 [main] CalculatorTest (CalculatorTest.java:46) - После каждого
INFO  2021-06-27 02:36:42 [main] CalculatorTest (CalculatorTest.java:41) - Перед каждым
INFO  2021-06-27 02:36:42 [main] CalculatorTest (CalculatorTest.java:46) - После каждого
INFO  2021-06-27 02:36:42 [main] CalculatorTest (CalculatorTest.java:41) - Перед каждым
INFO  2021-06-27 02:36:42 [main] CalculatorTest (CalculatorTest.java:46) - После каждого
INFO  2021-06-27 02:36:42 [main] CalculatorTest (CalculatorTest.java:41) - Перед каждым
INFO  2021-06-27 02:36:42 [main] CalculatorTest (CalculatorTest.java:46) - После каждого
INFO  2021-06-27 02:36:42 [main] CalculatorTest (CalculatorTest.java:41) - Перед каждым
INFO  2021-06-27 02:36:42 [main] CalculatorTest (CalculatorTest.java:46) - После каждого
INFO  2021-06-27 02:36:42 [main] CalculatorTest (CalculatorTest.java:41) - Перед каждым
INFO  2021-06-27 02:36:42 [main] CalculatorTest (CalculatorTest.java:46) - После каждого
INFO  2021-06-27 02:36:42 [main] CalculatorTest (CalculatorTest.java:41) - Перед каждым
INFO  2021-06-27 02:36:42 [main] CalculatorTest (CalculatorTest.java:46) - После каждого
INFO  2021-06-27 02:36:42 [main] CalculatorTest (CalculatorTest.java:41) - Перед каждым
INFO  2021-06-27 02:36:42 [main] CalculatorTest (CalculatorTest.java:46) - После каждого
INFO  2021-06-27 02:36:42 [main] CalculatorTest (CalculatorTest.java:41) - Перед каждым
INFO  2021-06-27 02:36:42 [main] CalculatorTest (CalculatorTest.java:46) - После каждого
INFO  2021-06-27 02:36:42 [main] CalculatorTest (CalculatorTest.java:41) - Перед каждым
INFO  2021-06-27 02:36:42 [main] CalculatorTest (CalculatorTest.java:46) - После каждого
INFO  2021-06-27 02:36:42 [main] CalculatorTest (CalculatorTest.java:41) - Перед каждым
INFO  2021-06-27 02:36:42 [main] CalculatorTest (CalculatorTest.java:46) - После каждого
INFO  2021-06-27 02:36:42 [main] CalculatorTest (CalculatorTest.java:41) - Перед каждым
INFO  2021-06-27 02:36:42 [main] CalculatorTest (CalculatorTest.java:46) - После каждого
INFO  2021-06-27 02:36:42 [main] CalculatorTest (CalculatorTest.java:41) - Перед каждым
INFO  2021-06-27 02:36:42 [main] CalculatorTest (CalculatorTest.java:46) - После каждого
INFO  2021-06-27 02:36:42 [main] CalculatorTest (CalculatorTest.java:41) - Перед каждым
INFO  2021-06-27 02:36:42 [main] CalculatorTest (CalculatorTest.java:46) - После каждого
INFO  2021-06-27 02:36:42 [main] CalculatorTest (CalculatorTest.java:41) - Перед каждым
INFO  2021-06-27 02:36:42 [main] CalculatorTest (CalculatorTest.java:46) - После каждого
INFO  2021-06-27 02:36:42 [main] CalculatorTest (CalculatorTest.java:41) - Перед каждым
INFO  2021-06-27 02:36:42 [main] CalculatorTest (CalculatorTest.java:46) - После каждого
INFO  2021-06-27 02:36:42 [main] CalculatorTest (CalculatorTest.java:41) - Перед каждым
INFO  2021-06-27 02:36:42 [main] CalculatorTest (CalculatorTest.java:46) - После каждого
INFO  2021-06-27 02:36:42 [main] CalculatorTest (CalculatorTest.java:41) - Перед каждым
INFO  2021-06-27 02:36:42 [main] CalculatorTest (CalculatorTest.java:46) - После каждого
INFO  2021-06-27 02:36:42 [main] CalculatorTest (CalculatorTest.java:41) - Перед каждым
INFO  2021-06-27 02:36:42 [main] CalculatorTest (CalculatorTest.java:46) - После каждого
INFO  2021-06-27 02:36:42 [main] CalculatorTest (CalculatorTest.java:41) - Перед каждым
INFO  2021-06-27 02:36:42 [main] CalculatorTest (CalculatorTest.java:46) - После каждого
INFO  2021-06-27 02:36:42 [main] CalculatorTest (CalculatorTest.java:41) - Перед каждым
INFO  2021-06-27 02:36:42 [main] CalculatorTest (CalculatorTest.java:46) - После каждого
INFO  2021-06-27 02:36:42 [main] CalculatorTest (CalculatorTest.java:41) - Перед каждым
INFO  2021-06-27 02:36:42 [main] CalculatorTest (CalculatorTest.java:46) - После каждого
INFO  2021-06-27 02:36:42 [main] CalculatorTest (CalculatorTest.java:41) - Перед каждым
INFO  2021-06-27 02:36:42 [main] CalculatorTest (CalculatorTest.java:46) - После каждого
INFO  2021-06-27 02:36:42 [main] CalculatorTest (CalculatorTest.java:41) - Перед каждым
INFO  2021-06-27 02:36:42 [main] CalculatorTest (CalculatorTest.java:46) - После каждого
INFO  2021-06-27 02:36:42 [main] CalculatorTest (CalculatorTest.java:41) - Перед каждым
INFO  2021-06-27 02:36:42 [main] CalculatorTest (CalculatorTest.java:46) - После каждого
INFO  2021-06-27 02:36:42 [main] CalculatorTest (CalculatorTest.java:41) - Перед каждым
INFO  2021-06-27 02:36:42 [main] CalculatorTest (CalculatorTest.java:46) - После каждого
INFO  2021-06-27 02:36:42 [main] CalculatorTest (CalculatorTest.java:41) - Перед каждым
INFO  2021-06-27 02:36:42 [main] CalculatorTest (CalculatorTest.java:46) - После каждого
INFO  2021-06-27 02:36:42 [main] CalculatorTest (CalculatorTest.java:41) - Перед каждым
INFO  2021-06-27 02:36:42 [main] CalculatorTest (CalculatorTest.java:46) - После каждого
INFO  2021-06-27 02:36:42 [main] CalculatorTest (CalculatorTest.java:41) - Перед каждым
INFO  2021-06-27 02:36:42 [main] CalculatorTest (CalculatorTest.java:46) - После каждого
INFO  2021-06-27 02:36:42 [main] CalculatorTest (CalculatorTest.java:41) - Перед каждым
INFO  2021-06-27 02:36:42 [main] CalculatorTest (CalculatorTest.java:46) - После каждого
INFO  2021-06-27 02:36:42 [main] CalculatorTest (CalculatorTest.java:41) - Перед каждым
INFO  2021-06-27 02:36:42 [main] CalculatorTest (CalculatorTest.java:46) - После каждого
INFO  2021-06-27 02:36:42 [main] CalculatorTest (CalculatorTest.java:41) - Перед каждым
INFO  2021-06-27 02:36:42 [main] CalculatorTest (CalculatorTest.java:46) - После каждого
INFO  2021-06-27 02:36:42 [main] CalculatorTest (CalculatorTest.java:41) - Перед каждым
INFO  2021-06-27 02:36:42 [main] CalculatorTest (CalculatorTest.java:46) - После каждого
INFO  2021-06-27 02:36:42 [main] CalculatorTest (CalculatorTest.java:41) - Перед каждым
INFO  2021-06-27 02:36:42 [main] CalculatorTest (CalculatorTest.java:46) - После каждого
INFO  2021-06-27 02:36:42 [main] CalculatorTest (CalculatorTest.java:41) - Перед каждым
INFO  2021-06-27 02:36:42 [main] CalculatorTest (CalculatorTest.java:46) - После каждого
INFO  2021-06-27 02:36:42 [main] CalculatorTest (CalculatorTest.java:41) - Перед каждым
INFO  2021-06-27 02:36:42 [main] CalculatorTest (CalculatorTest.java:46) - После каждого
INFO  2021-06-27 02:36:42 [main] CalculatorTest (CalculatorTest.java:41) - Перед каждым
INFO  2021-06-27 02:36:42 [main] CalculatorTest (CalculatorTest.java:46) - После каждого
INFO  2021-06-27 02:36:42 [main] CalculatorTest (CalculatorTest.java:41) - Перед каждым
INFO  2021-06-27 02:36:42 [main] CalculatorTest (CalculatorTest.java:46) - После каждого
INFO  2021-06-27 02:36:43 [main] CalculatorTest (CalculatorTest.java:41) - Перед каждым
INFO  2021-06-27 02:36:43 [main] CalculatorTest (CalculatorTest.java:46) - После каждого
INFO  2021-06-27 02:36:43 [main] CalculatorTest (CalculatorTest.java:41) - Перед каждым
INFO  2021-06-27 02:36:43 [main] CalculatorTest (CalculatorTest.java:46) - После каждого
INFO  2021-06-27 02:36:43 [main] CalculatorTest (CalculatorTest.java:41) - Перед каждым
INFO  2021-06-27 02:36:43 [main] CalculatorTest (CalculatorTest.java:46) - После каждого
INFO  2021-06-27 02:36:43 [main] CalculatorTest (CalculatorTest.java:41) - Перед каждым
INFO  2021-06-27 02:36:43 [main] CalculatorTest (CalculatorTest.java:46) - После каждого
INFO  2021-06-27 02:36:43 [main] CalculatorTest (CalculatorTest.java:41) - Перед каждым
INFO  2021-06-27 02:36:43 [main] CalculatorTest (CalculatorTest.java:46) - После каждого
INFO  2021-06-27 02:36:43 [main] CalculatorTest (CalculatorTest.java:41) - Перед каждым
INFO  2021-06-27 02:36:43 [main] CalculatorTest (CalculatorTest.java:46) - После каждого
INFO  2021-06-27 02:36:43 [main] CalculatorTest (CalculatorTest.java:41) - Перед каждым
INFO  2021-06-27 02:36:43 [main] CalculatorTest (CalculatorTest.java:46) - После каждого
INFO  2021-06-27 02:36:43 [main] CalculatorTest (CalculatorTest.java:41) - Перед каждым
INFO  2021-06-27 02:36:43 [main] CalculatorTest (CalculatorTest.java:46) - После каждого
INFO  2021-06-27 02:36:43 [main] CalculatorTest (CalculatorTest.java:41) - Перед каждым
INFO  2021-06-27 02:36:48 [main] CalculatorTest (CalculatorTest.java:41) - Перед каждым
INFO  2021-06-27 02:36:49 [main] CalculatorTest (CalculatorTest.java:41) - Перед каждым
INFO  2021-06-27 02:36:49 [main] CalculatorTest (CalculatorTest.java:41) - Перед каждым
INFO  2021-06-27 02:36:49 [main] CalculatorTest (CalculatorTest.java:46) - После каждого
INFO  2021-06-27 02:36:49 [main] CalculatorTest (CalculatorTest.java:41) - Перед каждым
INFO  2021-06-27 02:36:49 [main] CalculatorTest (CalculatorTest.java:41) - Перед каждым
INFO  2021-06-27 02:36:49 [main] CalculatorTest (CalculatorTest.java:41) - Перед каждым
INFO  2021-06-27 02:36:49 [main] CalculatorTest (CalculatorTest.java:46) - После каждого
INFO  2021-06-27 02:36:49 [main] CalculatorTest (CalculatorTest.java:41) - Перед каждым
INFO  2021-06-27 02:36:49 [main] CalculatorTest (CalculatorTest.java:41) - Перед каждым
INFO  2021-06-27 02:36:49 [main] CalculatorTest (CalculatorTest.java:41) - Перед каждым
INFO  2021-06-27 02:36:49 [main] CalculatorTest (CalculatorTest.java:41) - Перед каждым
INFO  2021-06-27 02:36:49 [main] CalculatorTest (CalculatorTest.java:46) - После каждого
INFO  2021-06-27 02:36:49 [main] CalculatorTest (CalculatorTest.java:41) - Перед каждым
INFO  2021-06-27 02:36:49 [main] CalculatorTest (CalculatorTest.java:46) - После каждого
INFO  2021-06-27 02:36:49 [main] CalculatorTest (CalculatorTest.java:41) - Перед каждым
INFO  2021-06-27 02:36:49 [main] CalculatorTest (CalculatorTest.java:46) - После каждого
INFO  2021-06-27 02:36:49 [main] CalculatorTest (CalculatorTest.java:41) - Перед каждым
INFO  2021-06-27 02:36:49 [main] CalculatorTest (CalculatorTest.java:46) - После каждого
INFO  2021-06-27 02:36:49 [main] CalculatorTest (CalculatorTest.java:41) - Перед каждым
INFO  2021-06-27 02:36:49 [main] CalculatorTest (CalculatorTest.java:41) - Перед каждым
INFO  2021-06-27 02:36:49 [main] CalculatorTest (CalculatorTest.java:46) - После каждого
INFO  2021-06-27 02:36:49 [main] CalculatorTest (CalculatorTest.java:41) - Перед каждым
INFO  2021-06-27 02:36:49 [main] CalculatorTest (CalculatorTest.java:41) - Перед каждым
INFO  2021-06-27 02:36:49 [main] CalculatorTest (CalculatorTest.java:46) - После каждого
INFO  2021-06-27 02:36:49 [main] CalculatorTest (CalculatorTest.java:41) - Перед каждым
INFO  2021-06-27 02:36:49 [main] CalculatorTest (CalculatorTest.java:46) - После каждого
INFO  2021-06-27 02:36:49 [main] CalculatorTest (CalculatorTest.java:41) - Перед каждым
INFO  2021-06-27 02:36:49 [main] CalculatorTest (CalculatorTest.java:46) - После каждого
INFO  2021-06-27 02:36:49 [main] CalculatorTest (CalculatorTest.java:41) - Перед каждым
INFO  2021-06-27 02:36:49 [main] CalculatorTest (CalculatorTest.java:46) - После каждого
INFO  2021-06-27 02:36:49 [main] CalculatorTest (CalculatorTest.java:41) - Перед каждым
INFO  2021-06-27 02:36:49 [main] CalculatorTest (CalculatorTest.java:41) - Перед каждым
INFO  2021-06-27 02:36:49 [main] CalculatorTest (CalculatorTest.java:46) - После каждого
INFO  2021-06-27 02:36:49 [main] CalculatorTest (CalculatorTest.java:41) - Перед каждым
INFO  2021-06-27 02:36:49 [main] CalculatorTest (CalculatorTest.java:41) - Перед каждым
INFO  2021-06-27 02:36:49 [main] CalculatorTest (CalculatorTest.java:46) - После каждого
INFO  2021-06-27 02:36:49 [main] CalculatorTest (CalculatorTest.java:46) - После каждого
INFO  2021-06-27 02:36:49 [main] CalculatorTest (CalculatorTest.java:41) - Перед каждым
INFO  2021-06-27 02:36:49 [main] CalculatorTest (CalculatorTest.java:41) - Перед каждым
INFO  2021-06-27 02:36:49 [main] CalculatorTest (CalculatorTest.java:41) - Перед каждым
INFO  2021-06-27 02:36:49 [main] CalculatorTest (CalculatorTest.java:41) - Перед каждым
INFO  2021-06-27 02:36:49 [main] CalculatorTest (CalculatorTest.java:41) - Перед каждым
INFO  2021-06-27 02:36:49 [main] CalculatorTest (CalculatorTest.java:41) - Перед каждым
INFO  2021-06-27 02:36:49 [main] CalculatorTest (CalculatorTest.java:46) - После каждого
INFO  2021-06-27 02:36:49 [main] CalculatorTest (CalculatorTest.java:41) - Перед каждым
INFO  2021-06-27 02:36:49 [main] CalculatorTest (CalculatorTest.java:46) - После каждого
INFO  2021-06-27 02:36:49 [main] CalculatorTest (CalculatorTest.java:46) - После каждого
INFO  2021-06-27 02:36:49 [main] CalculatorTest (CalculatorTest.java:46) - После каждого
INFO  2021-06-27 02:36:49 [main] CalculatorTest (CalculatorTest.java:46) - После каждого
INFO  2021-06-27 02:36:49 [main] CalculatorTest (CalculatorTest.java:41) - Перед каждым
INFO  2021-06-27 02:36:49 [main] CalculatorTest (CalculatorTest.java:41) - Перед каждым
INFO  2021-06-27 02:36:49 [main] CalculatorTest (CalculatorTest.java:41) - Перед каждым
INFO  2021-06-27 02:36:49 [main] CalculatorTest (CalculatorTest.java:41) - Перед каждым
INFO  2021-06-27 02:36:49 [main] CalculatorTest (CalculatorTest.java:46) - После каждого
INFO  2021-06-27 02:36:49 [main] CalculatorTest (CalculatorTest.java:46) - После каждого
INFO  2021-06-27 02:36:49 [main] CalculatorTest (CalculatorTest.java:41) - Перед каждым
INFO  2021-06-27 02:36:49 [main] CalculatorTest (CalculatorTest.java:41) - Перед каждым
INFO  2021-06-27 02:36:49 [main] CalculatorTest (CalculatorTest.java:41) - Перед каждым
INFO  2021-06-27 02:36:49 [main] CalculatorTest (CalculatorTest.java:41) - Перед каждым
INFO  2021-06-27 02:36:49 [main] CalculatorTest (CalculatorTest.java:41) - Перед каждым
INFO  2021-06-27 02:36:49 [main] CalculatorTest (CalculatorTest.java:41) - Перед каждым
INFO  2021-06-27 02:36:49 [main] CalculatorTest (CalculatorTest.java:41) - Перед каждым
INFO  2021-06-27 02:36:49 [main] CalculatorTest (CalculatorTest.java:46) - После каждого
INFO  2021-06-27 02:36:49 [main] CalculatorTest (CalculatorTest.java:41) - Перед каждым
INFO  2021-06-27 02:36:49 [main] CalculatorTest (CalculatorTest.java:41) - Перед каждым
INFO  2021-06-27 02:36:49 [main] CalculatorTest (CalculatorTest.java:46) - После каждого
INFO  2021-06-27 02:36:49 [main] CalculatorTest (CalculatorTest.java:41) - Перед каждым
INFO  2021-06-27 02:36:49 [main] CalculatorTest (CalculatorTest.java:41) - Перед каждым
INFO  2021-06-27 02:36:49 [main] CalculatorTest (CalculatorTest.java:41) - Перед каждым
INFO  2021-06-27 02:36:49 [main] CalculatorTest (CalculatorTest.java:41) - Перед каждым
INFO  2021-06-27 02:36:49 [main] CalculatorTest (CalculatorTest.java:41) - Перед каждым
INFO  2021-06-27 02:36:49 [main] CalculatorTest (CalculatorTest.java:41) - Перед каждым
INFO  2021-06-27 02:36:49 [main] CalculatorTest (CalculatorTest.java:41) - Перед каждым
INFO  2021-06-27 02:36:49 [main] CalculatorTest (CalculatorTest.java:41) - Перед каждым
INFO  2021-06-27 02:36:49 [main] CalculatorTest (CalculatorTest.java:41) - Перед каждым
INFO  2021-06-27 02:36:49 [main] CalculatorTest (CalculatorTest.java:41) - Перед каждым
INFO  2021-06-27 02:36:49 [main] CalculatorTest (CalculatorTest.java:41) - Перед каждым
INFO  2021-06-27 02:36:49 [main] CalculatorTest (CalculatorTest.java:41) - Перед каждым
INFO  2021-06-27 02:36:49 [main] CalculatorTest (CalculatorTest.java:41) - Перед каждым
INFO  2021-06-27 02:36:49 [main] CalculatorTest (CalculatorTest.java:46) - После каждого
INFO  2021-06-27 02:36:49 [main] CalculatorTest (CalculatorTest.java:46) - После каждого
INFO  2021-06-27 02:36:49 [main] CalculatorTest (CalculatorTest.java:41) - Перед каждым
INFO  2021-06-27 02:36:49 [main] CalculatorTest (CalculatorTest.java:46) - После каждого
INFO  2021-06-27 02:36:49 [main] CalculatorTest (CalculatorTest.java:41) - Перед каждым
INFO  2021-06-27 02:36:49 [main] CalculatorTest (CalculatorTest.java:41) - Перед каждым
INFO  2021-06-27 02:36:49 [main] CalculatorTest (CalculatorTest.java:41) - Перед каждым
INFO  2021-06-27 02:36:49 [main] CalculatorTest (CalculatorTest.java:41) - Перед каждым
INFO  2021-06-27 02:36:49 [main] CalculatorTest (CalculatorTest.java:46) - После каждого
INFO  2021-06-27 02:36:49 [main] CalculatorTest (CalculatorTest.java:41) - Перед каждым
INFO  2021-06-27 02:36:49 [main] CalculatorTest (CalculatorTest.java:46) - После каждого
INFO  2021-06-27 02:36:49 [main] CalculatorTest (CalculatorTest.java:41) - Перед каждым
INFO  2021-06-27 02:36:49 [main] CalculatorTest (CalculatorTest.java:46) - После каждого
INFO  2021-06-27 02:36:49 [main] CalculatorTest (CalculatorTest.java:41) - Перед каждым
INFO  2021-06-27 02:36:49 [main] CalculatorTest (CalculatorTest.java:46) - После каждого
INFO  2021-06-27 02:36:49 [main] CalculatorTest (CalculatorTest.java:41) - Перед каждым
INFO  2021-06-27 02:36:49 [main] CalculatorTest (CalculatorTest.java:46) - После каждого
INFO  2021-06-27 02:36:49 [main] CalculatorTest (CalculatorTest.java:41) - Перед каждым
INFO  2021-06-27 02:36:49 [main] CalculatorTest (CalculatorTest.java:46) - После каждого
INFO  2021-06-27 02:36:49 [main] CalculatorTest (CalculatorTest.java:41) - Перед каждым
INFO  2021-06-27 02:37:11 [main] CalculatorTest (CalculatorTest.java:24) - Перед всеми
INFO  2021-06-27 02:37:11 [main] CalculatorTest (CalculatorTest.java:41) - Перед каждым
INFO  2021-06-27 02:37:11 [main] CalculatorTest (CalculatorTest.java:46) - После каждого
INFO  2021-06-27 02:37:11 [main] CalculatorTest (CalculatorTest.java:41) - Перед каждым
INFO  2021-06-27 02:37:11 [main] CalculatorTest (CalculatorTest.java:46) - После каждого
INFO  2021-06-27 02:37:11 [main] CalculatorTest (CalculatorTest.java:41) - Перед каждым
INFO  2021-06-27 02:37:11 [main] CalculatorTest (CalculatorTest.java:46) - После каждого
INFO  2021-06-27 02:37:11 [main] CalculatorTest (CalculatorTest.java:41) - Перед каждым
INFO  2021-06-27 02:37:11 [main] CalculatorTest (CalculatorTest.java:46) - После каждого
INFO  2021-06-27 02:37:11 [main] CalculatorTest (CalculatorTest.java:41) - Перед каждым
INFO  2021-06-27 02:37:11 [main] CalculatorTest (CalculatorTest.java:46) - После каждого
INFO  2021-06-27 02:37:11 [main] CalculatorTest (CalculatorTest.java:41) - Перед каждым
INFO  2021-06-27 02:37:11 [main] CalculatorTest (CalculatorTest.java:46) - После каждого
INFO  2021-06-27 02:37:11 [main] CalculatorTest (CalculatorTest.java:41) - Перед каждым
INFO  2021-06-27 02:37:11 [main] CalculatorTest (CalculatorTest.java:46) - После каждого
INFO  2021-06-27 02:37:11 [main] CalculatorTest (CalculatorTest.java:41) - Перед каждым
INFO  2021-06-27 02:37:11 [main] CalculatorTest (CalculatorTest.java:46) - После каждого
INFO  2021-06-27 02:37:11 [main] CalculatorTest (CalculatorTest.java:41) - Перед каждым
INFO  2021-06-27 02:37:11 [main] CalculatorTest (CalculatorTest.java:46) - После каждого
INFO  2021-06-27 02:37:11 [main] CalculatorTest (CalculatorTest.java:41) - Перед каждым
INFO  2021-06-27 02:37:11 [main] CalculatorTest (CalculatorTest.java:46) - После каждого
INFO  2021-06-27 02:37:11 [main] CalculatorTest (CalculatorTest.java:41) - Перед каждым
INFO  2021-06-27 02:37:11 [main] CalculatorTest (CalculatorTest.java:46) - После каждого
INFO  2021-06-27 02:37:11 [main] CalculatorTest (CalculatorTest.java:41) - Перед каждым
INFO  2021-06-27 02:37:11 [main] CalculatorTest (CalculatorTest.java:46) - После каждого
INFO  2021-06-27 02:37:11 [main] CalculatorTest (CalculatorTest.java:41) - Перед каждым
INFO  2021-06-27 02:37:11 [main] CalculatorTest (CalculatorTest.java:46) - После каждого
INFO  2021-06-27 02:37:11 [main] CalculatorTest (CalculatorTest.java:41) - Перед каждым
INFO  2021-06-27 02:37:11 [main] CalculatorTest (CalculatorTest.java:46) - После каждого
INFO  2021-06-27 02:37:11 [main] CalculatorTest (CalculatorTest.java:41) - Перед каждым
INFO  2021-06-27 02:37:11 [main] CalculatorTest (CalculatorTest.java:46) - После каждого
INFO  2021-06-27 02:37:11 [main] CalculatorTest (CalculatorTest.java:41) - Перед каждым
INFO  2021-06-27 02:37:11 [main] CalculatorTest (CalculatorTest.java:46) - После каждого
INFO  2021-06-27 02:37:11 [main] CalculatorTest (CalculatorTest.java:41) - Перед каждым
INFO  2021-06-27 02:37:11 [main] CalculatorTest (CalculatorTest.java:46) - После каждого
INFO  2021-06-27 02:37:11 [main] CalculatorTest (CalculatorTest.java:41) - Перед каждым
INFO  2021-06-27 02:37:11 [main] CalculatorTest (CalculatorTest.java:46) - После каждого
INFO  2021-06-27 02:37:11 [main] CalculatorTest (CalculatorTest.java:41) - Перед каждым
INFO  2021-06-27 02:37:11 [main] CalculatorTest (CalculatorTest.java:46) - После каждого
INFO  2021-06-27 02:37:11 [main] CalculatorTest (CalculatorTest.java:41) - Перед каждым
INFO  2021-06-27 02:37:11 [main] CalculatorTest (CalculatorTest.java:46) - После каждого
INFO  2021-06-27 02:37:11 [main] CalculatorTest (CalculatorTest.java:41) - Перед каждым
INFO  2021-06-27 02:37:11 [main] CalculatorTest (CalculatorTest.java:46) - После каждого
INFO  2021-06-27 02:37:11 [main] CalculatorTest (CalculatorTest.java:41) - Перед каждым
INFO  2021-06-27 02:37:11 [main] CalculatorTest (CalculatorTest.java:46) - После каждого
INFO  2021-06-27 02:37:11 [main] CalculatorTest (CalculatorTest.java:41) - Перед каждым
INFO  2021-06-27 02:37:11 [main] CalculatorTest (CalculatorTest.java:46) - После каждого
INFO  2021-06-27 02:37:11 [main] CalculatorTest (CalculatorTest.java:41) - Перед каждым
INFO  2021-06-27 02:37:11 [main] CalculatorTest (CalculatorTest.java:46) - После каждого
INFO  2021-06-27 02:37:11 [main] CalculatorTest (CalculatorTest.java:41) - Перед каждым
INFO  2021-06-27 02:37:11 [main] CalculatorTest (CalculatorTest.java:46) - После каждого
INFO  2021-06-27 02:37:11 [main] CalculatorTest (CalculatorTest.java:41) - Перед каждым
INFO  2021-06-27 02:37:11 [main] CalculatorTest (CalculatorTest.java:46) - После каждого
INFO  2021-06-27 02:37:11 [main] CalculatorTest (CalculatorTest.java:41) - Перед каждым
INFO  2021-06-27 02:37:11 [main] CalculatorTest (CalculatorTest.java:46) - После каждого
INFO  2021-06-27 02:37:11 [main] CalculatorTest (CalculatorTest.java:41) - Перед каждым
INFO  2021-06-27 02:37:11 [main] CalculatorTest (CalculatorTest.java:46) - После каждого
INFO  2021-06-27 02:37:11 [main] CalculatorTest (CalculatorTest.java:41) - Перед каждым
INFO  2021-06-27 02:37:11 [main] CalculatorTest (CalculatorTest.java:46) - После каждого
INFO  2021-06-27 02:37:11 [main] CalculatorTest (CalculatorTest.java:41) - Перед каждым
INFO  2021-06-27 02:37:11 [main] CalculatorTest (CalculatorTest.java:46) - После каждого
INFO  2021-06-27 02:37:11 [main] CalculatorTest (CalculatorTest.java:41) - Перед каждым
INFO  2021-06-27 02:37:11 [main] CalculatorTest (CalculatorTest.java:46) - После каждого
INFO  2021-06-27 02:37:11 [main] CalculatorTest (CalculatorTest.java:41) - Перед каждым
INFO  2021-06-27 02:37:11 [main] CalculatorTest (CalculatorTest.java:46) - После каждого
INFO  2021-06-27 02:37:11 [main] CalculatorTest (CalculatorTest.java:41) - Перед каждым
INFO  2021-06-27 02:37:11 [main] CalculatorTest (CalculatorTest.java:46) - После каждого
INFO  2021-06-27 02:37:11 [main] CalculatorTest (CalculatorTest.java:41) - Перед каждым
INFO  2021-06-27 02:37:11 [main] CalculatorTest (CalculatorTest.java:46) - После каждого
INFO  2021-06-27 02:37:11 [main] CalculatorTest (CalculatorTest.java:41) - Перед каждым
INFO  2021-06-27 02:37:11 [main] CalculatorTest (CalculatorTest.java:46) - После каждого
INFO  2021-06-27 02:37:11 [main] CalculatorTest (CalculatorTest.java:41) - Перед каждым
INFO  2021-06-27 02:37:11 [main] CalculatorTest (CalculatorTest.java:46) - После каждого
INFO  2021-06-27 02:37:11 [main] CalculatorTest (CalculatorTest.java:41) - Перед каждым
INFO  2021-06-27 02:37:11 [main] CalculatorTest (CalculatorTest.java:46) - После каждого
INFO  2021-06-27 02:37:11 [main] CalculatorTest (CalculatorTest.java:41) - Перед каждым
INFO  2021-06-27 02:37:11 [main] CalculatorTest (CalculatorTest.java:46) - После каждого
INFO  2021-06-27 02:37:11 [main] CalculatorTest (CalculatorTest.java:41) - Перед каждым
INFO  2021-06-27 02:37:11 [main] CalculatorTest (CalculatorTest.java:46) - После каждого
INFO  2021-06-27 02:37:11 [main] CalculatorTest (CalculatorTest.java:41) - Перед каждым
INFO  2021-06-27 02:37:11 [main] CalculatorTest (CalculatorTest.java:46) - После каждого
INFO  2021-06-27 02:37:11 [main] CalculatorTest (CalculatorTest.java:41) - Перед каждым
INFO  2021-06-27 02:37:11 [main] CalculatorTest (CalculatorTest.java:46) - После каждого
INFO  2021-06-27 02:37:11 [main] CalculatorTest (CalculatorTest.java:41) - Перед каждым
INFO  2021-06-27 02:37:11 [main] CalculatorTest (CalculatorTest.java:46) - После каждого
INFO  2021-06-27 02:37:11 [main] CalculatorTest (CalculatorTest.java:41) - Перед каждым
INFO  2021-06-27 02:37:11 [main] CalculatorTest (CalculatorTest.java:46) - После каждого
INFO  2021-06-27 02:37:11 [main] CalculatorTest (CalculatorTest.java:41) - Перед каждым
INFO  2021-06-27 02:37:11 [main] CalculatorTest (CalculatorTest.java:46) - После каждого
INFO  2021-06-27 02:37:11 [main] CalculatorTest (CalculatorTest.java:41) - Перед каждым
INFO  2021-06-27 02:37:11 [main] CalculatorTest (CalculatorTest.java:46) - После каждого
INFO  2021-06-27 02:37:11 [main] CalculatorTest (CalculatorTest.java:41) - Перед каждым
INFO  2021-06-27 02:37:11 [main] CalculatorTest (CalculatorTest.java:46) - После каждого
INFO  2021-06-27 02:37:11 [main] CalculatorTest (CalculatorTest.java:41) - Перед каждым
INFO  2021-06-27 02:37:11 [main] CalculatorTest (CalculatorTest.java:46) - После каждого
INFO  2021-06-27 02:37:11 [main] CalculatorTest (CalculatorTest.java:41) - Перед каждым
INFO  2021-06-27 02:37:11 [main] CalculatorTest (CalculatorTest.java:46) - После каждого
INFO  2021-06-27 02:37:11 [main] CalculatorTest (CalculatorTest.java:41) - Перед каждым
INFO  2021-06-27 02:37:11 [main] CalculatorTest (CalculatorTest.java:46) - После каждого
INFO  2021-06-27 02:37:11 [main] CalculatorTest (CalculatorTest.java:41) - Перед каждым
INFO  2021-06-27 02:38:23 [main] CalculatorTest (CalculatorTest.java:24) - Перед всеми
INFO  2021-06-27 02:38:23 [main] CalculatorTest (CalculatorTest.java:41) - Перед каждым
INFO  2021-06-27 02:38:23 [main] CalculatorTest (CalculatorTest.java:46) - После каждого
INFO  2021-06-27 02:38:23 [main] CalculatorTest (CalculatorTest.java:41) - Перед каждым
INFO  2021-06-27 02:38:23 [main] CalculatorTest (CalculatorTest.java:46) - После каждого
INFO  2021-06-27 02:38:23 [main] CalculatorTest (CalculatorTest.java:41) - Перед каждым
INFO  2021-06-27 02:38:23 [main] CalculatorTest (CalculatorTest.java:46) - После каждого
INFO  2021-06-27 02:38:23 [main] CalculatorTest (CalculatorTest.java:41) - Перед каждым
INFO  2021-06-27 02:38:23 [main] CalculatorTest (CalculatorTest.java:46) - После каждого
INFO  2021-06-27 02:38:23 [main] CalculatorTest (CalculatorTest.java:41) - Перед каждым
INFO  2021-06-27 02:38:23 [main] CalculatorTest (CalculatorTest.java:46) - После каждого
INFO  2021-06-27 02:38:23 [main] CalculatorTest (CalculatorTest.java:41) - Перед каждым
INFO  2021-06-27 02:38:23 [main] CalculatorTest (CalculatorTest.java:46) - После каждого
INFO  2021-06-27 02:38:23 [main] CalculatorTest (CalculatorTest.java:41) - Перед каждым
INFO  2021-06-27 02:38:23 [main] CalculatorTest (CalculatorTest.java:46) - После каждого
INFO  2021-06-27 02:38:23 [main] CalculatorTest (CalculatorTest.java:41) - Перед каждым
INFO  2021-06-27 02:38:23 [main] CalculatorTest (CalculatorTest.java:46) - После каждого
INFO  2021-06-27 02:38:23 [main] CalculatorTest (CalculatorTest.java:41) - Перед каждым
INFO  2021-06-27 02:38:23 [main] CalculatorTest (CalculatorTest.java:46) - После каждого
INFO  2021-06-27 02:38:23 [main] CalculatorTest (CalculatorTest.java:41) - Перед каждым
INFO  2021-06-27 02:38:23 [main] CalculatorTest (CalculatorTest.java:46) - После каждого
INFO  2021-06-27 02:38:23 [main] CalculatorTest (CalculatorTest.java:41) - Перед каждым
INFO  2021-06-27 02:38:23 [main] CalculatorTest (CalculatorTest.java:46) - После каждого
INFO  2021-06-27 02:38:23 [main] CalculatorTest (CalculatorTest.java:41) - Перед каждым
INFO  2021-06-27 02:38:23 [main] CalculatorTest (CalculatorTest.java:46) - После каждого
INFO  2021-06-27 02:38:23 [main] CalculatorTest (CalculatorTest.java:41) - Перед каждым
INFO  2021-06-27 02:38:23 [main] CalculatorTest (CalculatorTest.java:46) - После каждого
INFO  2021-06-27 02:38:23 [main] CalculatorTest (CalculatorTest.java:41) - Перед каждым
INFO  2021-06-27 02:38:23 [main] CalculatorTest (CalculatorTest.java:46) - После каждого
INFO  2021-06-27 02:38:23 [main] CalculatorTest (CalculatorTest.java:41) - Перед каждым
INFO  2021-06-27 02:38:23 [main] CalculatorTest (CalculatorTest.java:46) - После каждого
INFO  2021-06-27 02:38:23 [main] CalculatorTest (CalculatorTest.java:41) - Перед каждым
INFO  2021-06-27 02:38:23 [main] CalculatorTest (CalculatorTest.java:46) - После каждого
INFO  2021-06-27 02:38:23 [main] CalculatorTest (CalculatorTest.java:41) - Перед каждым
INFO  2021-06-27 02:38:23 [main] CalculatorTest (CalculatorTest.java:46) - После каждого
INFO  2021-06-27 02:38:23 [main] CalculatorTest (CalculatorTest.java:41) - Перед каждым
INFO  2021-06-27 02:38:23 [main] CalculatorTest (CalculatorTest.java:46) - После каждого
INFO  2021-06-27 02:38:23 [main] CalculatorTest (CalculatorTest.java:41) - Перед каждым
INFO  2021-06-27 02:38:23 [main] CalculatorTest (CalculatorTest.java:46) - После каждого
INFO  2021-06-27 02:38:23 [main] CalculatorTest (CalculatorTest.java:41) - Перед каждым
INFO  2021-06-27 02:38:23 [main] CalculatorTest (CalculatorTest.java:46) - После каждого
INFO  2021-06-27 02:38:23 [main] CalculatorTest (CalculatorTest.java:41) - Перед каждым
INFO  2021-06-27 02:38:23 [main] CalculatorTest (CalculatorTest.java:46) - После каждого
INFO  2021-06-27 02:38:23 [main] CalculatorTest (CalculatorTest.java:41) - Перед каждым
INFO  2021-06-27 02:38:23 [main] CalculatorTest (CalculatorTest.java:46) - После каждого
INFO  2021-06-27 02:38:23 [main] CalculatorTest (CalculatorTest.java:41) - Перед каждым
INFO  2021-06-27 02:38:23 [main] CalculatorTest (CalculatorTest.java:46) - После каждого
INFO  2021-06-27 02:38:23 [main] CalculatorTest (CalculatorTest.java:41) - Перед каждым
INFO  2021-06-27 02:38:23 [main] CalculatorTest (CalculatorTest.java:46) - После каждого
INFO  2021-06-27 02:38:23 [main] CalculatorTest (CalculatorTest.java:41) - Перед каждым
INFO  2021-06-27 02:38:23 [main] CalculatorTest (CalculatorTest.java:46) - После каждого
INFO  2021-06-27 02:38:23 [main] CalculatorTest (CalculatorTest.java:41) - Перед каждым
INFO  2021-06-27 02:38:23 [main] CalculatorTest (CalculatorTest.java:46) - После каждого
INFO  2021-06-27 02:38:23 [main] CalculatorTest (CalculatorTest.java:41) - Перед каждым
INFO  2021-06-27 02:38:23 [main] CalculatorTest (CalculatorTest.java:46) - После каждого
INFO  2021-06-27 02:38:23 [main] CalculatorTest (CalculatorTest.java:41) - Перед каждым
INFO  2021-06-27 02:38:23 [main] CalculatorTest (CalculatorTest.java:46) - После каждого
INFO  2021-06-27 02:38:23 [main] CalculatorTest (CalculatorTest.java:41) - Перед каждым
INFO  2021-06-27 02:38:23 [main] CalculatorTest (CalculatorTest.java:46) - После каждого
INFO  2021-06-27 02:38:23 [main] CalculatorTest (CalculatorTest.java:41) - Перед каждым
INFO  2021-06-27 02:38:23 [main] CalculatorTest (CalculatorTest.java:46) - После каждого
INFO  2021-06-27 02:38:23 [main] CalculatorTest (CalculatorTest.java:41) - Перед каждым
INFO  2021-06-27 02:38:23 [main] CalculatorTest (CalculatorTest.java:46) - После каждого
INFO  2021-06-27 02:38:23 [main] CalculatorTest (CalculatorTest.java:41) - Перед каждым
INFO  2021-06-27 02:38:23 [main] CalculatorTest (CalculatorTest.java:46) - После каждого
INFO  2021-06-27 02:38:23 [main] CalculatorTest (CalculatorTest.java:41) - Перед каждым
INFO  2021-06-27 02:38:23 [main] CalculatorTest (CalculatorTest.java:46) - После каждого
INFO  2021-06-27 02:38:23 [main] CalculatorTest (CalculatorTest.java:41) - Перед каждым
INFO  2021-06-27 02:38:23 [main] CalculatorTest (CalculatorTest.java:46) - После каждого
INFO  2021-06-27 02:38:23 [main] CalculatorTest (CalculatorTest.java:41) - Перед каждым
INFO  2021-06-27 02:38:23 [main] CalculatorTest (CalculatorTest.java:46) - После каждого
INFO  2021-06-27 02:38:23 [main] CalculatorTest (CalculatorTest.java:41) - Перед каждым
INFO  2021-06-27 02:38:23 [main] CalculatorTest (CalculatorTest.java:46) - После каждого
INFO  2021-06-27 02:38:23 [main] CalculatorTest (CalculatorTest.java:41) - Перед каждым
INFO  2021-06-27 02:38:23 [main] CalculatorTest (CalculatorTest.java:46) - После каждого
INFO  2021-06-27 02:38:23 [main] CalculatorTest (CalculatorTest.java:41) - Перед каждым
INFO  2021-06-27 02:38:23 [main] CalculatorTest (CalculatorTest.java:46) - После каждого
INFO  2021-06-27 02:38:23 [main] CalculatorTest (CalculatorTest.java:41) - Перед каждым
INFO  2021-06-27 02:38:23 [main] CalculatorTest (CalculatorTest.java:46) - После каждого
INFO  2021-06-27 02:38:23 [main] CalculatorTest (CalculatorTest.java:41) - Перед каждым
INFO  2021-06-27 02:38:23 [main] CalculatorTest (CalculatorTest.java:46) - После каждого
INFO  2021-06-27 02:38:23 [main] CalculatorTest (CalculatorTest.java:41) - Перед каждым
INFO  2021-06-27 02:38:23 [main] CalculatorTest (CalculatorTest.java:46) - После каждого
INFO  2021-06-27 02:38:23 [main] CalculatorTest (CalculatorTest.java:41) - Перед каждым
INFO  2021-06-27 02:38:23 [main] CalculatorTest (CalculatorTest.java:46) - После каждого
INFO  2021-06-27 02:38:23 [main] CalculatorTest (CalculatorTest.java:41) - Перед каждым
INFO  2021-06-27 02:38:23 [main] CalculatorTest (CalculatorTest.java:46) - После каждого
INFO  2021-06-27 02:38:23 [main] CalculatorTest (CalculatorTest.java:41) - Перед каждым
INFO  2021-06-27 02:38:23 [main] CalculatorTest (CalculatorTest.java:46) - После каждого
INFO  2021-06-27 02:38:23 [main] CalculatorTest (CalculatorTest.java:41) - Перед каждым
INFO  2021-06-27 02:38:23 [main] CalculatorTest (CalculatorTest.java:46) - После каждого
INFO  2021-06-27 02:38:23 [main] CalculatorTest (CalculatorTest.java:41) - Перед каждым
INFO  2021-06-27 02:38:23 [main] CalculatorTest (CalculatorTest.java:46) - После каждого
INFO  2021-06-27 02:38:23 [main] CalculatorTest (CalculatorTest.java:41) - Перед каждым
INFO  2021-06-27 02:38:23 [main] CalculatorTest (CalculatorTest.java:46) - После каждого
INFO  2021-06-27 02:38:23 [main] CalculatorTest (CalculatorTest.java:41) - Перед каждым
INFO  2021-06-27 02:38:23 [main] CalculatorTest (CalculatorTest.java:46) - После каждого
INFO  2021-06-27 02:38:23 [main] CalculatorTest (CalculatorTest.java:41) - Перед каждым
INFO  2021-06-27 02:38:23 [main] CalculatorTest (CalculatorTest.java:46) - После каждого
INFO  2021-06-27 02:38:23 [main] CalculatorTest (CalculatorTest.java:41) - Перед каждым
INFO  2021-06-27 02:39:10 [main] CalculatorTest (CalculatorTest.java:24) - Перед всеми
INFO  2021-06-27 02:39:10 [main] CalculatorTest (CalculatorTest.java:41) - Перед каждым
INFO  2021-06-27 02:39:10 [main] CalculatorTest (CalculatorTest.java:46) - После каждого
INFO  2021-06-27 02:39:10 [main] CalculatorTest (CalculatorTest.java:41) - Перед каждым
INFO  2021-06-27 02:39:10 [main] CalculatorTest (CalculatorTest.java:46) - После каждого
INFO  2021-06-27 02:39:10 [main] CalculatorTest (CalculatorTest.java:41) - Перед каждым
INFO  2021-06-27 02:39:10 [main] CalculatorTest (CalculatorTest.java:46) - После каждого
INFO  2021-06-27 02:39:10 [main] CalculatorTest (CalculatorTest.java:41) - Перед каждым
INFO  2021-06-27 02:39:10 [main] CalculatorTest (CalculatorTest.java:46) - После каждого
INFO  2021-06-27 02:39:10 [main] CalculatorTest (CalculatorTest.java:41) - Перед каждым
INFO  2021-06-27 02:39:10 [main] CalculatorTest (CalculatorTest.java:46) - После каждого
INFO  2021-06-27 02:39:10 [main] CalculatorTest (CalculatorTest.java:41) - Перед каждым
INFO  2021-06-27 02:39:10 [main] CalculatorTest (CalculatorTest.java:46) - После каждого
INFO  2021-06-27 02:39:10 [main] CalculatorTest (CalculatorTest.java:41) - Перед каждым
INFO  2021-06-27 02:39:10 [main] CalculatorTest (CalculatorTest.java:46) - После каждого
INFO  2021-06-27 02:39:10 [main] CalculatorTest (CalculatorTest.java:41) - Перед каждым
INFO  2021-06-27 02:39:10 [main] CalculatorTest (CalculatorTest.java:46) - После каждого
INFO  2021-06-27 02:39:10 [main] CalculatorTest (CalculatorTest.java:41) - Перед каждым
INFO  2021-06-27 02:39:10 [main] CalculatorTest (CalculatorTest.java:46) - После каждого
INFO  2021-06-27 02:39:10 [main] CalculatorTest (CalculatorTest.java:41) - Перед каждым
INFO  2021-06-27 02:39:10 [main] CalculatorTest (CalculatorTest.java:46) - После каждого
INFO  2021-06-27 02:39:10 [main] CalculatorTest (CalculatorTest.java:41) - Перед каждым
INFO  2021-06-27 02:39:10 [main] CalculatorTest (CalculatorTest.java:46) - После каждого
INFO  2021-06-27 02:39:10 [main] CalculatorTest (CalculatorTest.java:41) - Перед каждым
INFO  2021-06-27 02:39:10 [main] CalculatorTest (CalculatorTest.java:46) - После каждого
INFO  2021-06-27 02:39:10 [main] CalculatorTest (CalculatorTest.java:41) - Перед каждым
INFO  2021-06-27 02:39:10 [main] CalculatorTest (CalculatorTest.java:46) - После каждого
INFO  2021-06-27 02:39:10 [main] CalculatorTest (CalculatorTest.java:41) - Перед каждым
INFO  2021-06-27 02:39:10 [main] CalculatorTest (CalculatorTest.java:46) - После каждого
INFO  2021-06-27 02:39:10 [main] CalculatorTest (CalculatorTest.java:41) - Перед каждым
INFO  2021-06-27 02:39:10 [main] CalculatorTest (CalculatorTest.java:46) - После каждого
INFO  2021-06-27 02:39:10 [main] CalculatorTest (CalculatorTest.java:41) - Перед каждым
INFO  2021-06-27 02:39:10 [main] CalculatorTest (CalculatorTest.java:46) - После каждого
INFO  2021-06-27 02:39:10 [main] CalculatorTest (CalculatorTest.java:41) - Перед каждым
INFO  2021-06-27 02:39:10 [main] CalculatorTest (CalculatorTest.java:46) - После каждого
INFO  2021-06-27 02:39:10 [main] CalculatorTest (CalculatorTest.java:41) - Перед каждым
INFO  2021-06-27 02:39:10 [main] CalculatorTest (CalculatorTest.java:46) - После каждого
INFO  2021-06-27 02:39:10 [main] CalculatorTest (CalculatorTest.java:41) - Перед каждым
INFO  2021-06-27 02:39:10 [main] CalculatorTest (CalculatorTest.java:46) - После каждого
INFO  2021-06-27 02:39:10 [main] CalculatorTest (CalculatorTest.java:41) - Перед каждым
INFO  2021-06-27 02:39:10 [main] CalculatorTest (CalculatorTest.java:46) - После каждого
INFO  2021-06-27 02:39:10 [main] CalculatorTest (CalculatorTest.java:41) - Перед каждым
INFO  2021-06-27 02:39:10 [main] CalculatorTest (CalculatorTest.java:46) - После каждого
INFO  2021-06-27 02:39:10 [main] CalculatorTest (CalculatorTest.java:41) - Перед каждым
INFO  2021-06-27 02:39:10 [main] CalculatorTest (CalculatorTest.java:46) - После каждого
INFO  2021-06-27 02:39:10 [main] CalculatorTest (CalculatorTest.java:41) - Перед каждым
INFO  2021-06-27 02:39:10 [main] CalculatorTest (CalculatorTest.java:46) - После каждого
INFO  2021-06-27 02:39:10 [main] CalculatorTest (CalculatorTest.java:41) - Перед каждым
INFO  2021-06-27 02:39:10 [main] CalculatorTest (CalculatorTest.java:46) - После каждого
INFO  2021-06-27 02:39:10 [main] CalculatorTest (CalculatorTest.java:41) - Перед каждым
INFO  2021-06-27 02:39:10 [main] CalculatorTest (CalculatorTest.java:46) - После каждого
INFO  2021-06-27 02:39:10 [main] CalculatorTest (CalculatorTest.java:41) - Перед каждым
INFO  2021-06-27 02:39:10 [main] CalculatorTest (CalculatorTest.java:46) - После каждого
INFO  2021-06-27 02:39:10 [main] CalculatorTest (CalculatorTest.java:41) - Перед каждым
INFO  2021-06-27 02:39:10 [main] CalculatorTest (CalculatorTest.java:46) - После каждого
INFO  2021-06-27 02:39:10 [main] CalculatorTest (CalculatorTest.java:41) - Перед каждым
INFO  2021-06-27 02:39:10 [main] CalculatorTest (CalculatorTest.java:46) - После каждого
INFO  2021-06-27 02:39:10 [main] CalculatorTest (CalculatorTest.java:41) - Перед каждым
INFO  2021-06-27 02:39:10 [main] CalculatorTest (CalculatorTest.java:46) - После каждого
INFO  2021-06-27 02:39:10 [main] CalculatorTest (CalculatorTest.java:41) - Перед каждым
INFO  2021-06-27 02:39:10 [main] CalculatorTest (CalculatorTest.java:46) - После каждого
INFO  2021-06-27 02:39:10 [main] CalculatorTest (CalculatorTest.java:41) - Перед каждым
INFO  2021-06-27 02:39:10 [main] CalculatorTest (CalculatorTest.java:46) - После каждого
INFO  2021-06-27 02:39:10 [main] CalculatorTest (CalculatorTest.java:41) - Перед каждым
INFO  2021-06-27 02:39:10 [main] CalculatorTest (CalculatorTest.java:46) - После каждого
INFO  2021-06-27 02:39:10 [main] CalculatorTest (CalculatorTest.java:41) - Перед каждым
INFO  2021-06-27 02:39:10 [main] CalculatorTest (CalculatorTest.java:46) - После каждого
INFO  2021-06-27 02:39:10 [main] CalculatorTest (CalculatorTest.java:41) - Перед каждым
INFO  2021-06-27 02:39:10 [main] CalculatorTest (CalculatorTest.java:46) - После каждого
INFO  2021-06-27 02:39:10 [main] CalculatorTest (CalculatorTest.java:41) - Перед каждым
INFO  2021-06-27 02:39:10 [main] CalculatorTest (CalculatorTest.java:46) - После каждого
INFO  2021-06-27 02:39:10 [main] CalculatorTest (CalculatorTest.java:41) - Перед каждым
INFO  2021-06-27 02:39:10 [main] CalculatorTest (CalculatorTest.java:46) - После каждого
INFO  2021-06-27 02:39:10 [main] CalculatorTest (CalculatorTest.java:41) - Перед каждым
INFO  2021-06-27 02:39:10 [main] CalculatorTest (CalculatorTest.java:46) - После каждого
INFO  2021-06-27 02:39:10 [main] CalculatorTest (CalculatorTest.java:41) - Перед каждым
INFO  2021-06-27 02:39:10 [main] CalculatorTest (CalculatorTest.java:46) - После каждого
INFO  2021-06-27 02:39:10 [main] CalculatorTest (CalculatorTest.java:41) - Перед каждым
INFO  2021-06-27 02:39:10 [main] CalculatorTest (CalculatorTest.java:46) - После каждого
INFO  2021-06-27 02:39:10 [main] CalculatorTest (CalculatorTest.java:41) - Перед каждым
INFO  2021-06-27 02:39:10 [main] CalculatorTest (CalculatorTest.java:46) - После каждого
INFO  2021-06-27 02:39:10 [main] CalculatorTest (CalculatorTest.java:41) - Перед каждым
INFO  2021-06-27 02:39:10 [main] CalculatorTest (CalculatorTest.java:46) - После каждого
INFO  2021-06-27 02:39:10 [main] CalculatorTest (CalculatorTest.java:41) - Перед каждым
INFO  2021-06-27 02:39:10 [main] CalculatorTest (CalculatorTest.java:46) - После каждого
INFO  2021-06-27 02:39:10 [main] CalculatorTest (CalculatorTest.java:41) - Перед каждым
INFO  2021-06-27 02:39:10 [main] CalculatorTest (CalculatorTest.java:46) - После каждого
INFO  2021-06-27 02:39:10 [main] CalculatorTest (CalculatorTest.java:41) - Перед каждым
INFO  2021-06-27 02:39:10 [main] CalculatorTest (CalculatorTest.java:46) - После каждого
INFO  2021-06-27 02:39:10 [main] CalculatorTest (CalculatorTest.java:41) - Перед каждым
INFO  2021-06-27 02:39:10 [main] CalculatorTest (CalculatorTest.java:46) - После каждого
INFO  2021-06-27 02:39:10 [main] CalculatorTest (CalculatorTest.java:41) - Перед каждым
INFO  2021-06-27 02:39:10 [main] CalculatorTest (CalculatorTest.java:46) - После каждого
INFO  2021-06-27 02:39:10 [main] CalculatorTest (CalculatorTest.java:41) - Перед каждым
INFO  2021-06-27 02:39:10 [main] CalculatorTest (CalculatorTest.java:46) - После каждого
INFO  2021-06-27 02:39:10 [main] CalculatorTest (CalculatorTest.java:41) - Перед каждым
INFO  2021-06-27 02:39:10 [main] CalculatorTest (CalculatorTest.java:46) - После каждого
INFO  2021-06-27 02:39:10 [main] CalculatorTest (CalculatorTest.java:41) - Перед каждым
INFO  2021-06-27 02:39:10 [main] CalculatorTest (CalculatorTest.java:46) - После каждого
INFO  2021-06-27 02:39:10 [main] CalculatorTest (CalculatorTest.java:41) - Перед каждым
INFO  2021-06-27 02:39:29 [main] CalculatorTest (CalculatorTest.java:24) - Перед всеми
INFO  2021-06-27 02:39:29 [main] CalculatorTest (CalculatorTest.java:41) - Перед каждым
INFO  2021-06-27 02:39:29 [main] CalculatorTest (CalculatorTest.java:46) - После каждого
INFO  2021-06-27 02:39:29 [main] CalculatorTest (CalculatorTest.java:41) - Перед каждым
INFO  2021-06-27 02:39:29 [main] CalculatorTest (CalculatorTest.java:46) - После каждого
INFO  2021-06-27 02:39:29 [main] CalculatorTest (CalculatorTest.java:41) - Перед каждым
INFO  2021-06-27 02:39:29 [main] CalculatorTest (CalculatorTest.java:46) - После каждого
INFO  2021-06-27 02:39:29 [main] CalculatorTest (CalculatorTest.java:41) - Перед каждым
INFO  2021-06-27 02:39:29 [main] CalculatorTest (CalculatorTest.java:46) - После каждого
INFO  2021-06-27 02:39:29 [main] CalculatorTest (CalculatorTest.java:41) - Перед каждым
INFO  2021-06-27 02:39:29 [main] CalculatorTest (CalculatorTest.java:46) - После каждого
INFO  2021-06-27 02:39:29 [main] CalculatorTest (CalculatorTest.java:41) - Перед каждым
INFO  2021-06-27 02:39:29 [main] CalculatorTest (CalculatorTest.java:46) - После каждого
INFO  2021-06-27 02:39:29 [main] CalculatorTest (CalculatorTest.java:41) - Перед каждым
INFO  2021-06-27 02:39:29 [main] CalculatorTest (CalculatorTest.java:46) - После каждого
INFO  2021-06-27 02:39:29 [main] CalculatorTest (CalculatorTest.java:41) - Перед каждым
INFO  2021-06-27 02:39:29 [main] CalculatorTest (CalculatorTest.java:46) - После каждого
INFO  2021-06-27 02:39:29 [main] CalculatorTest (CalculatorTest.java:41) - Перед каждым
INFO  2021-06-27 02:39:29 [main] CalculatorTest (CalculatorTest.java:46) - После каждого
INFO  2021-06-27 02:39:29 [main] CalculatorTest (CalculatorTest.java:41) - Перед каждым
INFO  2021-06-27 02:39:29 [main] CalculatorTest (CalculatorTest.java:46) - После каждого
INFO  2021-06-27 02:39:29 [main] CalculatorTest (CalculatorTest.java:41) - Перед каждым
INFO  2021-06-27 02:39:29 [main] CalculatorTest (CalculatorTest.java:46) - После каждого
INFO  2021-06-27 02:39:29 [main] CalculatorTest (CalculatorTest.java:41) - Перед каждым
INFO  2021-06-27 02:39:29 [main] CalculatorTest (CalculatorTest.java:46) - После каждого
INFO  2021-06-27 02:39:29 [main] CalculatorTest (CalculatorTest.java:41) - Перед каждым
INFO  2021-06-27 02:39:29 [main] CalculatorTest (CalculatorTest.java:46) - После каждого
INFO  2021-06-27 02:39:29 [main] CalculatorTest (CalculatorTest.java:41) - Перед каждым
INFO  2021-06-27 02:39:29 [main] CalculatorTest (CalculatorTest.java:46) - После каждого
INFO  2021-06-27 02:39:29 [main] CalculatorTest (CalculatorTest.java:41) - Перед каждым
INFO  2021-06-27 02:39:29 [main] CalculatorTest (CalculatorTest.java:46) - После каждого
INFO  2021-06-27 02:39:29 [main] CalculatorTest (CalculatorTest.java:41) - Перед каждым
INFO  2021-06-27 02:39:29 [main] CalculatorTest (CalculatorTest.java:46) - После каждого
INFO  2021-06-27 02:39:29 [main] CalculatorTest (CalculatorTest.java:41) - Перед каждым
INFO  2021-06-27 02:39:29 [main] CalculatorTest (CalculatorTest.java:46) - После каждого
INFO  2021-06-27 02:39:29 [main] CalculatorTest (CalculatorTest.java:41) - Перед каждым
INFO  2021-06-27 02:39:29 [main] CalculatorTest (CalculatorTest.java:46) - После каждого
INFO  2021-06-27 02:39:29 [main] CalculatorTest (CalculatorTest.java:41) - Перед каждым
INFO  2021-06-27 02:39:29 [main] CalculatorTest (CalculatorTest.java:46) - После каждого
INFO  2021-06-27 02:39:29 [main] CalculatorTest (CalculatorTest.java:41) - Перед каждым
INFO  2021-06-27 02:39:29 [main] CalculatorTest (CalculatorTest.java:46) - После каждого
INFO  2021-06-27 02:39:29 [main] CalculatorTest (CalculatorTest.java:41) - Перед каждым
INFO  2021-06-27 02:39:29 [main] CalculatorTest (CalculatorTest.java:46) - После каждого
INFO  2021-06-27 02:39:29 [main] CalculatorTest (CalculatorTest.java:41) - Перед каждым
INFO  2021-06-27 02:39:29 [main] CalculatorTest (CalculatorTest.java:46) - После каждого
INFO  2021-06-27 02:39:29 [main] CalculatorTest (CalculatorTest.java:41) - Перед каждым
INFO  2021-06-27 02:39:29 [main] CalculatorTest (CalculatorTest.java:46) - После каждого
INFO  2021-06-27 02:39:29 [main] CalculatorTest (CalculatorTest.java:41) - Перед каждым
INFO  2021-06-27 02:39:29 [main] CalculatorTest (CalculatorTest.java:46) - После каждого
INFO  2021-06-27 02:39:29 [main] CalculatorTest (CalculatorTest.java:41) - Перед каждым
INFO  2021-06-27 02:39:29 [main] CalculatorTest (CalculatorTest.java:46) - После каждого
INFO  2021-06-27 02:39:29 [main] CalculatorTest (CalculatorTest.java:41) - Перед каждым
INFO  2021-06-27 02:39:29 [main] CalculatorTest (CalculatorTest.java:46) - После каждого
INFO  2021-06-27 02:39:29 [main] CalculatorTest (CalculatorTest.java:41) - Перед каждым
INFO  2021-06-27 02:39:29 [main] CalculatorTest (CalculatorTest.java:46) - После каждого
INFO  2021-06-27 02:39:29 [main] CalculatorTest (CalculatorTest.java:41) - Перед каждым
INFO  2021-06-27 02:39:29 [main] CalculatorTest (CalculatorTest.java:46) - После каждого
INFO  2021-06-27 02:39:29 [main] CalculatorTest (CalculatorTest.java:41) - Перед каждым
INFO  2021-06-27 02:39:29 [main] CalculatorTest (CalculatorTest.java:46) - После каждого
INFO  2021-06-27 02:39:29 [main] CalculatorTest (CalculatorTest.java:41) - Перед каждым
INFO  2021-06-27 02:39:29 [main] CalculatorTest (CalculatorTest.java:46) - После каждого
INFO  2021-06-27 02:39:29 [main] CalculatorTest (CalculatorTest.java:41) - Перед каждым
INFO  2021-06-27 02:39:29 [main] CalculatorTest (CalculatorTest.java:46) - После каждого
INFO  2021-06-27 02:39:29 [main] CalculatorTest (CalculatorTest.java:41) - Перед каждым
INFO  2021-06-27 02:39:29 [main] CalculatorTest (CalculatorTest.java:46) - После каждого
INFO  2021-06-27 02:39:29 [main] CalculatorTest (CalculatorTest.java:41) - Перед каждым
INFO  2021-06-27 02:39:29 [main] CalculatorTest (CalculatorTest.java:46) - После каждого
INFO  2021-06-27 02:39:29 [main] CalculatorTest (CalculatorTest.java:41) - Перед каждым
INFO  2021-06-27 02:39:29 [main] CalculatorTest (CalculatorTest.java:46) - После каждого
INFO  2021-06-27 02:39:29 [main] CalculatorTest (CalculatorTest.java:41) - Перед каждым
INFO  2021-06-27 02:39:29 [main] CalculatorTest (CalculatorTest.java:46) - После каждого
INFO  2021-06-27 02:39:29 [main] CalculatorTest (CalculatorTest.java:41) - Перед каждым
INFO  2021-06-27 02:39:29 [main] CalculatorTest (CalculatorTest.java:46) - После каждого
INFO  2021-06-27 02:39:30 [main] CalculatorTest (CalculatorTest.java:41) - Перед каждым
INFO  2021-06-27 02:39:30 [main] CalculatorTest (CalculatorTest.java:46) - После каждого
INFO  2021-06-27 02:39:30 [main] CalculatorTest (CalculatorTest.java:41) - Перед каждым
INFO  2021-06-27 02:39:30 [main] CalculatorTest (CalculatorTest.java:46) - После каждого
INFO  2021-06-27 02:39:30 [main] CalculatorTest (CalculatorTest.java:41) - Перед каждым
INFO  2021-06-27 02:39:30 [main] CalculatorTest (CalculatorTest.java:46) - После каждого
INFO  2021-06-27 02:39:30 [main] CalculatorTest (CalculatorTest.java:41) - Перед каждым
INFO  2021-06-27 02:39:30 [main] CalculatorTest (CalculatorTest.java:46) - После каждого
INFO  2021-06-27 02:39:30 [main] CalculatorTest (CalculatorTest.java:41) - Перед каждым
INFO  2021-06-27 02:39:30 [main] CalculatorTest (CalculatorTest.java:46) - После каждого
INFO  2021-06-27 02:39:30 [main] CalculatorTest (CalculatorTest.java:41) - Перед каждым
INFO  2021-06-27 02:39:30 [main] CalculatorTest (CalculatorTest.java:46) - После каждого
INFO  2021-06-27 02:39:30 [main] CalculatorTest (CalculatorTest.java:41) - Перед каждым
INFO  2021-06-27 02:39:30 [main] CalculatorTest (CalculatorTest.java:46) - После каждого
INFO  2021-06-27 02:39:30 [main] CalculatorTest (CalculatorTest.java:41) - Перед каждым
INFO  2021-06-27 02:39:30 [main] CalculatorTest (CalculatorTest.java:46) - После каждого
INFO  2021-06-27 02:39:30 [main] CalculatorTest (CalculatorTest.java:41) - Перед каждым
INFO  2021-06-27 02:39:30 [main] CalculatorTest (CalculatorTest.java:46) - После каждого
INFO  2021-06-27 02:39:30 [main] CalculatorTest (CalculatorTest.java:41) - Перед каждым
INFO  2021-06-27 02:39:30 [main] CalculatorTest (CalculatorTest.java:46) - После каждого
INFO  2021-06-27 02:39:30 [main] CalculatorTest (CalculatorTest.java:41) - Перед каждым
INFO  2021-06-27 02:39:30 [main] CalculatorTest (CalculatorTest.java:46) - После каждого
INFO  2021-06-27 02:39:30 [main] CalculatorTest (CalculatorTest.java:41) - Перед каждым
INFO  2021-06-27 02:39:30 [main] CalculatorTest (CalculatorTest.java:46) - После каждого
INFO  2021-06-27 02:39:30 [main] CalculatorTest (CalculatorTest.java:41) - Перед каждым
INFO  2021-06-27 02:39:30 [main] CalculatorTest (CalculatorTest.java:46) - После каждого
INFO  2021-06-27 02:39:30 [main] CalculatorTest (CalculatorTest.java:41) - Перед каждым
INFO  2021-06-27 02:39:50 [main] CalculatorTest (CalculatorTest.java:24) - Перед всеми
INFO  2021-06-27 02:39:50 [main] CalculatorTest (CalculatorTest.java:41) - Перед каждым
INFO  2021-06-27 02:39:50 [main] CalculatorTest (CalculatorTest.java:46) - После каждого
INFO  2021-06-27 02:39:50 [main] CalculatorTest (CalculatorTest.java:41) - Перед каждым
INFO  2021-06-27 02:39:50 [main] CalculatorTest (CalculatorTest.java:46) - После каждого
INFO  2021-06-27 02:39:50 [main] CalculatorTest (CalculatorTest.java:41) - Перед каждым
INFO  2021-06-27 02:39:50 [main] CalculatorTest (CalculatorTest.java:46) - После каждого
INFO  2021-06-27 02:39:50 [main] CalculatorTest (CalculatorTest.java:41) - Перед каждым
INFO  2021-06-27 02:39:50 [main] CalculatorTest (CalculatorTest.java:46) - После каждого
INFO  2021-06-27 02:39:50 [main] CalculatorTest (CalculatorTest.java:41) - Перед каждым
INFO  2021-06-27 02:39:50 [main] CalculatorTest (CalculatorTest.java:46) - После каждого
INFO  2021-06-27 02:39:50 [main] CalculatorTest (CalculatorTest.java:41) - Перед каждым
INFO  2021-06-27 02:39:50 [main] CalculatorTest (CalculatorTest.java:46) - После каждого
INFO  2021-06-27 02:39:50 [main] CalculatorTest (CalculatorTest.java:41) - Перед каждым
INFO  2021-06-27 02:39:50 [main] CalculatorTest (CalculatorTest.java:46) - После каждого
INFO  2021-06-27 02:39:50 [main] CalculatorTest (CalculatorTest.java:41) - Перед каждым
INFO  2021-06-27 02:39:50 [main] CalculatorTest (CalculatorTest.java:46) - После каждого
INFO  2021-06-27 02:39:50 [main] CalculatorTest (CalculatorTest.java:41) - Перед каждым
INFO  2021-06-27 02:39:50 [main] CalculatorTest (CalculatorTest.java:46) - После каждого
INFO  2021-06-27 02:39:50 [main] CalculatorTest (CalculatorTest.java:41) - Перед каждым
INFO  2021-06-27 02:39:50 [main] CalculatorTest (CalculatorTest.java:46) - После каждого
INFO  2021-06-27 02:39:50 [main] CalculatorTest (CalculatorTest.java:41) - Перед каждым
INFO  2021-06-27 02:39:50 [main] CalculatorTest (CalculatorTest.java:46) - После каждого
INFO  2021-06-27 02:39:50 [main] CalculatorTest (CalculatorTest.java:41) - Перед каждым
INFO  2021-06-27 02:39:50 [main] CalculatorTest (CalculatorTest.java:46) - После каждого
INFO  2021-06-27 02:39:50 [main] CalculatorTest (CalculatorTest.java:41) - Перед каждым
INFO  2021-06-27 02:39:50 [main] CalculatorTest (CalculatorTest.java:46) - После каждого
INFO  2021-06-27 02:39:50 [main] CalculatorTest (CalculatorTest.java:41) - Перед каждым
INFO  2021-06-27 02:39:50 [main] CalculatorTest (CalculatorTest.java:46) - После каждого
INFO  2021-06-27 02:39:50 [main] CalculatorTest (CalculatorTest.java:41) - Перед каждым
INFO  2021-06-27 02:39:50 [main] CalculatorTest (CalculatorTest.java:46) - После каждого
INFO  2021-06-27 02:39:50 [main] CalculatorTest (CalculatorTest.java:41) - Перед каждым
INFO  2021-06-27 02:39:50 [main] CalculatorTest (CalculatorTest.java:46) - После каждого
INFO  2021-06-27 02:39:50 [main] CalculatorTest (CalculatorTest.java:51) - После всех
INFO  2021-06-27 02:40:33 [main] CalculatorTest (CalculatorTest.java:24) - Перед всеми
INFO  2021-06-27 02:40:33 [main] CalculatorTest (CalculatorTest.java:41) - Перед каждым
INFO  2021-06-27 02:40:33 [main] CalculatorTest (CalculatorTest.java:46) - После каждого
INFO  2021-06-27 02:40:33 [main] CalculatorTest (CalculatorTest.java:41) - Перед каждым
INFO  2021-06-27 02:40:33 [main] CalculatorTest (CalculatorTest.java:46) - После каждого
INFO  2021-06-27 02:40:33 [main] CalculatorTest (CalculatorTest.java:41) - Перед каждым
INFO  2021-06-27 02:40:33 [main] CalculatorTest (CalculatorTest.java:46) - После каждого
INFO  2021-06-27 02:40:33 [main] CalculatorTest (CalculatorTest.java:41) - Перед каждым
INFO  2021-06-27 02:40:33 [main] CalculatorTest (CalculatorTest.java:46) - После каждого
INFO  2021-06-27 02:40:33 [main] CalculatorTest (CalculatorTest.java:41) - Перед каждым
INFO  2021-06-27 02:40:33 [main] CalculatorTest (CalculatorTest.java:46) - После каждого
INFO  2021-06-27 02:40:33 [main] CalculatorTest (CalculatorTest.java:41) - Перед каждым
INFO  2021-06-27 02:40:33 [main] CalculatorTest (CalculatorTest.java:46) - После каждого
INFO  2021-06-27 02:40:33 [main] CalculatorTest (CalculatorTest.java:41) - Перед каждым
INFO  2021-06-27 02:40:33 [main] CalculatorTest (CalculatorTest.java:46) - После каждого
INFO  2021-06-27 02:40:33 [main] CalculatorTest (CalculatorTest.java:41) - Перед каждым
INFO  2021-06-27 02:40:33 [main] CalculatorTest (CalculatorTest.java:46) - После каждого
INFO  2021-06-27 02:40:33 [main] CalculatorTest (CalculatorTest.java:41) - Перед каждым
INFO  2021-06-27 02:40:33 [main] CalculatorTest (CalculatorTest.java:46) - После каждого
INFO  2021-06-27 02:40:33 [main] CalculatorTest (CalculatorTest.java:41) - Перед каждым
INFO  2021-06-27 02:40:33 [main] CalculatorTest (CalculatorTest.java:46) - После каждого
INFO  2021-06-27 02:40:33 [main] CalculatorTest (CalculatorTest.java:41) - Перед каждым
INFO  2021-06-27 02:40:33 [main] CalculatorTest (CalculatorTest.java:46) - После каждого
INFO  2021-06-27 02:40:33 [main] CalculatorTest (CalculatorTest.java:41) - Перед каждым
INFO  2021-06-27 02:40:33 [main] CalculatorTest (CalculatorTest.java:46) - После каждого
INFO  2021-06-27 02:40:33 [main] CalculatorTest (CalculatorTest.java:41) - Перед каждым
INFO  2021-06-27 02:40:33 [main] CalculatorTest (CalculatorTest.java:46) - После каждого
INFO  2021-06-27 02:40:33 [main] CalculatorTest (CalculatorTest.java:41) - Перед каждым
INFO  2021-06-27 02:40:33 [main] CalculatorTest (CalculatorTest.java:46) - После каждого
INFO  2021-06-27 02:40:33 [main] CalculatorTest (CalculatorTest.java:41) - Перед каждым
INFO  2021-06-27 02:40:33 [main] CalculatorTest (CalculatorTest.java:46) - После каждого
INFO  2021-06-27 02:40:33 [main] CalculatorTest (CalculatorTest.java:41) - Перед каждым
INFO  2021-06-27 02:40:33 [main] CalculatorTest (CalculatorTest.java:46) - После каждого
INFO  2021-06-27 02:40:33 [main] CalculatorTest (CalculatorTest.java:41) - Перед каждым
INFO  2021-06-27 02:40:33 [main] CalculatorTest (CalculatorTest.java:46) - После каждого
INFO  2021-06-27 02:40:33 [main] CalculatorTest (CalculatorTest.java:51) - После всех
INFO  2021-06-27 02:40:45 [main] CalculatorTest (CalculatorTest.java:24) - Перед всеми
INFO  2021-06-27 02:40:45 [main] CalculatorTest (CalculatorTest.java:41) - Перед каждым
INFO  2021-06-27 02:40:45 [main] CalculatorTest (CalculatorTest.java:46) - После каждого
INFO  2021-06-27 02:40:45 [main] CalculatorTest (CalculatorTest.java:41) - Перед каждым
INFO  2021-06-27 02:40:45 [main] CalculatorTest (CalculatorTest.java:46) - После каждого
INFO  2021-06-27 02:40:45 [main] CalculatorTest (CalculatorTest.java:41) - Перед каждым
INFO  2021-06-27 02:40:45 [main] CalculatorTest (CalculatorTest.java:46) - После каждого
INFO  2021-06-27 02:40:45 [main] CalculatorTest (CalculatorTest.java:41) - Перед каждым
INFO  2021-06-27 02:40:45 [main] CalculatorTest (CalculatorTest.java:46) - После каждого
INFO  2021-06-27 02:40:45 [main] CalculatorTest (CalculatorTest.java:41) - Перед каждым
INFO  2021-06-27 02:40:45 [main] CalculatorTest (CalculatorTest.java:46) - После каждого
INFO  2021-06-27 02:40:45 [main] CalculatorTest (CalculatorTest.java:41) - Перед каждым
INFO  2021-06-27 02:40:45 [main] CalculatorTest (CalculatorTest.java:46) - После каждого
INFO  2021-06-27 02:40:45 [main] CalculatorTest (CalculatorTest.java:41) - Перед каждым
INFO  2021-06-27 02:40:45 [main] CalculatorTest (CalculatorTest.java:46) - После каждого
INFO  2021-06-27 02:40:45 [main] CalculatorTest (CalculatorTest.java:41) - Перед каждым
INFO  2021-06-27 02:40:45 [main] CalculatorTest (CalculatorTest.java:46) - После каждого
INFO  2021-06-27 02:40:45 [main] CalculatorTest (CalculatorTest.java:41) - Перед каждым
INFO  2021-06-27 02:40:45 [main] CalculatorTest (CalculatorTest.java:46) - После каждого
INFO  2021-06-27 02:40:45 [main] CalculatorTest (CalculatorTest.java:41) - Перед каждым
INFO  2021-06-27 02:40:45 [main] CalculatorTest (CalculatorTest.java:46) - После каждого
INFO  2021-06-27 02:40:45 [main] CalculatorTest (CalculatorTest.java:41) - Перед каждым
INFO  2021-06-27 02:40:45 [main] CalculatorTest (CalculatorTest.java:46) - После каждого
INFO  2021-06-27 02:40:45 [main] CalculatorTest (CalculatorTest.java:41) - Перед каждым
INFO  2021-06-27 02:40:45 [main] CalculatorTest (CalculatorTest.java:46) - После каждого
INFO  2021-06-27 02:40:45 [main] CalculatorTest (CalculatorTest.java:41) - Перед каждым
INFO  2021-06-27 02:40:45 [main] CalculatorTest (CalculatorTest.java:46) - После каждого
INFO  2021-06-27 02:40:45 [main] CalculatorTest (CalculatorTest.java:41) - Перед каждым
INFO  2021-06-27 02:40:45 [main] CalculatorTest (CalculatorTest.java:46) - После каждого
INFO  2021-06-27 02:40:45 [main] CalculatorTest (CalculatorTest.java:41) - Перед каждым
INFO  2021-06-27 02:40:45 [main] CalculatorTest (CalculatorTest.java:46) - После каждого
INFO  2021-06-27 02:40:45 [main] CalculatorTest (CalculatorTest.java:41) - Перед каждым
INFO  2021-06-27 02:40:45 [main] CalculatorTest (CalculatorTest.java:46) - После каждого
INFO  2021-06-27 02:40:45 [main] CalculatorTest (CalculatorTest.java:51) - После всех
INFO  2021-06-27 02:51:47 [main] CalculatorTest (CalculatorTest.java:24) - Перед всеми
INFO  2021-06-27 02:51:47 [main] CalculatorTest (CalculatorTest.java:41) - Перед каждым
INFO  2021-06-27 02:51:47 [main] CalculatorTest (CalculatorTest.java:46) - После каждого
INFO  2021-06-27 02:51:47 [main] CalculatorTest (CalculatorTest.java:41) - Перед каждым
INFO  2021-06-27 02:51:47 [main] CalculatorTest (CalculatorTest.java:46) - После каждого
INFO  2021-06-27 02:51:47 [main] CalculatorTest (CalculatorTest.java:41) - Перед каждым
INFO  2021-06-27 02:51:47 [main] CalculatorTest (CalculatorTest.java:46) - После каждого
INFO  2021-06-27 02:51:47 [main] CalculatorTest (CalculatorTest.java:41) - Перед каждым
INFO  2021-06-27 02:51:47 [main] CalculatorTest (CalculatorTest.java:46) - После каждого
INFO  2021-06-27 02:51:47 [main] CalculatorTest (CalculatorTest.java:41) - Перед каждым
INFO  2021-06-27 02:51:47 [main] CalculatorTest (CalculatorTest.java:46) - После каждого
INFO  2021-06-27 02:51:47 [main] CalculatorTest (CalculatorTest.java:41) - Перед каждым
INFO  2021-06-27 02:51:47 [main] CalculatorTest (CalculatorTest.java:46) - После каждого
INFO  2021-06-27 02:51:47 [main] CalculatorTest (CalculatorTest.java:41) - Перед каждым
INFO  2021-06-27 02:51:47 [main] CalculatorTest (CalculatorTest.java:46) - После каждого
INFO  2021-06-27 02:51:47 [main] CalculatorTest (CalculatorTest.java:41) - Перед каждым
INFO  2021-06-27 02:51:47 [main] CalculatorTest (CalculatorTest.java:46) - После каждого
INFO  2021-06-27 02:51:47 [main] CalculatorTest (CalculatorTest.java:41) - Перед каждым
INFO  2021-06-27 02:51:47 [main] CalculatorTest (CalculatorTest.java:46) - После каждого
INFO  2021-06-27 02:51:47 [main] CalculatorTest (CalculatorTest.java:41) - Перед каждым
INFO  2021-06-27 02:51:47 [main] CalculatorTest (CalculatorTest.java:46) - После каждого
INFO  2021-06-27 02:51:47 [main] CalculatorTest (CalculatorTest.java:41) - Перед каждым
INFO  2021-06-27 02:51:47 [main] CalculatorTest (CalculatorTest.java:46) - После каждого
INFO  2021-06-27 02:51:47 [main] CalculatorTest (CalculatorTest.java:41) - Перед каждым
INFO  2021-06-27 02:51:47 [main] CalculatorTest (CalculatorTest.java:46) - После каждого
INFO  2021-06-27 02:51:47 [main] CalculatorTest (CalculatorTest.java:41) - Перед каждым
INFO  2021-06-27 02:51:47 [main] CalculatorTest (CalculatorTest.java:46) - После каждого
INFO  2021-06-27 02:51:47 [main] CalculatorTest (CalculatorTest.java:41) - Перед каждым
INFO  2021-06-27 02:51:47 [main] CalculatorTest (CalculatorTest.java:46) - После каждого
INFO  2021-06-27 02:51:47 [main] CalculatorTest (CalculatorTest.java:41) - Перед каждым
INFO  2021-06-27 02:51:47 [main] CalculatorTest (CalculatorTest.java:46) - После каждого
INFO  2021-06-27 02:51:47 [main] CalculatorTest (CalculatorTest.java:41) - Перед каждым
INFO  2021-06-27 02:51:47 [main] CalculatorTest (CalculatorTest.java:46) - После каждого
INFO  2021-06-27 02:51:47 [main] CalculatorTest (CalculatorTest.java:51) - После всех
INFO  2021-06-27 02:52:17 [main] CalculatorTest (CalculatorTest.java:24) - Перед всеми
INFO  2021-06-27 02:52:18 [main] CalculatorTest (CalculatorTest.java:41) - Перед каждым
INFO  2021-06-27 02:52:18 [main] CalculatorTest (CalculatorTest.java:46) - После каждого
INFO  2021-06-27 02:52:18 [main] CalculatorTest (CalculatorTest.java:51) - После всех
